[1713291509.225][INFO]: Starting ChromeDriver 123.0.6312.122 (31f8248cdd90acbac59f700b603fed0b5967ca50-refs/branch-heads/6312@{#824}) on port 34931
[1713291509.225][INFO]: Please see https://chromedriver.chromium.org/security-considerations for suggestions on keeping ChromeDriver safe.
[1713291509.861][INFO]: [bb5ee4d71521a4705841298b8ec69045] COMMAND InitSession {
   "capabilities": {
      "firstMatch": [ {
         "browserName": "chrome",
         "goog:chromeOptions": {
            "args": [ "--remote-allow-origins=*", "--disable-gpu", "--no-sandbox", "--disable-dev-shm-usage" ],
            "extensions": [  ]
         },
         "pageLoadStrategy": "eager"
      } ]
   }
}
[1713291509.861][INFO]: Browser search. Trying... C:\Users\ismam\Desktop\QA (AUTOMATION ENGEENIERE)\workspace-intellij-qa\java-core-web-automation-bdd-parallel\driver\chrome.exe
[1713291509.861][INFO]: Browser search. Trying... C:\Users\ismam\Desktop\QA (AUTOMATION ENGEENIERE)\workspace-intellij-qa\java-core-web-automation-bdd-parallel\driver\chrome.exe
[1713291509.861][INFO]: Browser search. Trying... C:\Users\ismam\Desktop\QA (AUTOMATION ENGEENIERE)\workspace-intellij-qa\java-core-web-automation-bdd-parallel\driver\chromium.exe
[1713291509.864][INFO]: Browser search. Trying... C:\Users\ismam\AppData\Local\Google\Chrome\Application\chrome.exe
[1713291509.864][INFO]: Browser search. Trying... C:\Program Files\Google\Chrome\Application\chrome.exe
[1713291509.864][INFO]: Browser search. Found at  C:\Program Files\Google\Chrome\Application\chrome.exe
[1713291509.865][INFO]: Populating Preferences file: {
   "alternate_error_pages": {
      "enabled": false
   },
   "autofill": {
      "enabled": false
   },
   "browser": {
      "check_default_browser": false
   },
   "distribution": {
      "import_bookmarks": false,
      "import_history": false,
      "import_search_engine": false,
      "make_chrome_default_for_user": false,
      "skip_first_run_ui": true
   },
   "dns_prefetching": {
      "enabled": false
   },
   "profile": {
      "content_settings": {
         "pattern_pairs": {
            "https://*,*": {
               "media-stream": {
                  "audio": "Default",
                  "video": "Default"
               }
            }
         }
      },
      "default_content_setting_values": {
         "geolocation": 1
      },
      "default_content_settings": {
         "geolocation": 1,
         "mouselock": 1,
         "notifications": 1,
         "popups": 1,
         "ppapi-broker": 1
      },
      "password_manager_enabled": false
   },
   "safebrowsing": {
      "enabled": false
   },
   "search": {
      "suggest_enabled": false
   },
   "translate": {
      "enabled": false
   }
}
[1713291509.865][INFO]: Populating Local State file: {
   "background_mode": {
      "enabled": false
   },
   "ssl": {
      "rev_checking": {
         "enabled": false
      }
   }
}
[1713291509.867][INFO]: ChromeDriver supports communication with Chrome via pipes. This is more reliable and more secure.
[1713291509.867][INFO]: Use the --remote-debugging-pipe Chrome switch instead of the default --remote-debugging-port to enable this communication mode.
[1713291509.869][INFO]: Launching chrome: "C:\Program Files\Google\Chrome\Application\chrome.exe" --allow-pre-commit-input --disable-background-networking --disable-backgrounding-occluded-windows --disable-client-side-phishing-detection --disable-default-apps --disable-dev-shm-usage --disable-gpu --disable-hang-monitor --disable-popup-blocking --disable-prompt-on-repost --disable-sync --enable-automation --enable-logging --log-level=0 --no-first-run --no-sandbox --no-service-autorun --password-store=basic --remote-allow-origins=* --remote-debugging-port=0 --test-type=webdriver --use-mock-keychain --user-data-dir="C:\Users\ismam\AppData\Local\Temp\scoped_dir10360_1543500899" data:,
[1713291510.263][DEBUG]: DevTools HTTP Request: http://localhost:51336/json/version
[1713291510.585][DEBUG]: DevTools HTTP Response: {
   "Browser": "Chrome/123.0.6312.123",
   "Protocol-Version": "1.3",
   "User-Agent": "Mozilla/5.0 (Windows NT 10.0; Win64; x64) AppleWebKit/537.36 (KHTML, like Gecko) Chrome/123.0.0.0 Safari/537.36",
   "V8-Version": "12.3.219.16",
   "WebKit-Version": "537.36 (@31f8248cdd90acbac59f700b603fed0b5967ca50)",
   "webSocketDebuggerUrl": "ws://localhost:51337/devtools/browser/33a6bff9-4d7c-4774-9093-a373d5b12058"
}

[1713291510.585][DEBUG]: DevTools HTTP Request: http://localhost:51337/json/list
[1713291510.586][DEBUG]: DevTools HTTP Response: [ {
   "description": "",
   "devtoolsFrontendUrl": "/devtools/inspector.html?ws=localhost:51336/devtools/page/349C14DD3F4F78017A7F857C05667C47",
   "id": "349C14DD3F4F78017A7F857C05667C47",
   "title": "data:,",
   "type": "page",
   "url": "data:,",
   "webSocketDebuggerUrl": "ws://localhost:51336/devtools/page/349C14DD3F4F78017A7F857C05667C47"
} ]

[1713291510.590][INFO]: resolved localhost to ["::1","127.0.0.1"]
[1713291510.591][DEBUG]: DevTools WebSocket Command: Target.getTargets (id=1) (session_id=) browser {
}
[1713291510.591][DEBUG]: DevTools WebSocket Response: Target.getTargets (id=1) (session_id=) browser {
   "targetInfos": [ {
      "attached": false,
      "browserContextId": "FCB3271BF288B662F2831F097567A275",
      "canAccessOpener": false,
      "targetId": "5B65A83395D1D01D64208D4FFFF576F1",
      "title": "data:,",
      "type": "page",
      "url": "data:,"
   } ]
}
[1713291510.591][DEBUG]: DevTools WebSocket Command: Target.attachToTarget (id=2) (session_id=) browser {
   "flatten": true,
   "targetId": "5B65A83395D1D01D64208D4FFFF576F1"
}
[1713291510.592][DEBUG]: DevTools WebSocket Event: Target.attachedToTarget (session_id=) browser {
   "sessionId": "6CE70CC536BD2955872D49528CA04D7B",
   "targetInfo": {
      "attached": true,
      "browserContextId": "7421FFAB9CDABB21D42B07C3B3E9738C",
      "canAccessOpener": false,
      "targetId": "349C14DD3F4F78017A7F857C05667C47",
      "title": "data:,",
      "type": "page",
      "url": "data:,"
   },
   "waitingForDebugger": false
}
[1713291510.592][DEBUG]: DevTools WebSocket Response: Target.attachToTarget (id=2) (session_id=) browser {
   "sessionId": "6CE70CC536BD2955872D49528CA04D7B"
}
[1713291510.592][DEBUG]: DevTools WebSocket Command: Page.enable (id=3) (session_id=5F279B3DD298454B480053C656E33588) 5B65A83395D1D01D64208D4FFFF576F1 {
}
[1713291510.592][DEBUG]: DevTools WebSocket Command: Page.addScriptToEvaluateOnNewDocument (id=4) (session_id=6CE70CC536BD2955872D49528CA04D7B) 349C14DD3F4F78017A7F857C05667C47 {
   "source": "(function () {window.cdc_adoQpoasnfa76pfcZLmcfl_Array = window.Array;window.cdc_adoQpoasnfa76pfcZLmcfl_Object = window.Object;window.cdc_adoQpoasnfa76pfcZLmcfl_Promise = window.Promise;window.cdc_a..."
}
[1713291510.592][DEBUG]: DevTools WebSocket Command: Runtime.evaluate (id=5) (session_id=6CE70CC536BD2955872D49528CA04D7B) 349C14DD3F4F78017A7F857C05667C47 {
   "expression": "(function () {window.cdc_adoQpoasnfa76pfcZLmcfl_Array = window.Array;window.cdc_adoQpoasnfa76pfcZLmcfl_Object = window.Object;window.cdc_adoQpoasnfa76pfcZLmcfl_Promise = window.Promise;window.cdc_a..."
}
[1713291510.592][DEBUG]: DevTools WebSocket Command: Log.enable (id=6) (session_id=5F279B3DD298454B480053C656E33588) 5B65A83395D1D01D64208D4FFFF576F1 {
}
[1713291510.592][DEBUG]: DevTools WebSocket Command: Target.setAutoAttach (id=7) (session_id=5F279B3DD298454B480053C656E33588) 5B65A83395D1D01D64208D4FFFF576F1 {
   "autoAttach": true,
   "flatten": true,
   "waitForDebuggerOnStart": false
}
[1713291510.593][DEBUG]: DevTools WebSocket Response: Page.enable (id=3) (session_id=6CE70CC536BD2955872D49528CA04D7B) 349C14DD3F4F78017A7F857C05667C47 {
}
[1713291510.593][DEBUG]: DevTools WebSocket Response: Page.addScriptToEvaluateOnNewDocument (id=4) (session_id=6CE70CC536BD2955872D49528CA04D7B) 349C14DD3F4F78017A7F857C05667C47 {
   "identifier": "1"
}
[1713291510.593][DEBUG]: DevTools WebSocket Response: Runtime.evaluate (id=5) (session_id=6CE70CC536BD2955872D49528CA04D7B) 349C14DD3F4F78017A7F857C05667C47 {
   "result": {
      "type": "undefined"
   }
}
[1713291510.593][DEBUG]: DevTools WebSocket Response: Log.enable (id=6) (session_id=6CE70CC536BD2955872D49528CA04D7B) 349C14DD3F4F78017A7F857C05667C47 {
}
[1713291510.593][DEBUG]: DevTools WebSocket Response: Target.setAutoAttach (id=7) (session_id=6CE70CC536BD2955872D49528CA04D7B) 349C14DD3F4F78017A7F857C05667C47 {
}
[1713291510.593][DEBUG]: DevTools WebSocket Command: Runtime.enable (id=8) (session_id=6CE70CC536BD2955872D49528CA04D7B) 349C14DD3F4F78017A7F857C05667C47 {
}
[1713291510.593][DEBUG]: DevTools WebSocket Event: Runtime.executionContextCreated (session_id=6CE70CC536BD2955872D49528CA04D7B) 349C14DD3F4F78017A7F857C05667C47 {
   "context": {
      "auxData": {
         "frameId": "349C14DD3F4F78017A7F857C05667C47",
         "isDefault": true,
         "type": "default"
      },
      "id": 1,
      "name": "",
      "origin": "://",
      "uniqueId": "-2470716645969928665.6437456331633392067"
   }
}
[1713291510.593][DEBUG]: DevTools WebSocket Response: Runtime.enable (id=8) (session_id=6CE70CC536BD2955872D49528CA04D7B) 349C14DD3F4F78017A7F857C05667C47 {
}
[1713291510.593][DEBUG]: DevTools WebSocket Command: Runtime.enable (id=9) (session_id=6CE70CC536BD2955872D49528CA04D7B) 349C14DD3F4F78017A7F857C05667C47 {
}
[1713291510.594][DEBUG]: DevTools WebSocket Response: Runtime.enable (id=9) (session_id=6CE70CC536BD2955872D49528CA04D7B) 349C14DD3F4F78017A7F857C05667C47 {
}
[1713291510.594][INFO]: [c0472d952754da2ad5bbc21f0664363a] RESPONSE InitSession {
   "capabilities": {
      "acceptInsecureCerts": false,
      "browserName": "chrome",
      "browserVersion": "123.0.6312.123",
      "chrome": {
         "chromedriverVersion": "123.0.6312.122 (31f8248cdd90acbac59f700b603fed0b5967ca50-refs/branch-heads/6312@{#824})",
         "userDataDir": "C:\\Users\\ismam\\AppData\\Local\\Temp\\scoped_dir10360_1543500899"
      },
      "fedcm:accounts": true,
      "goog:chromeOptions": {
         "debuggerAddress": "localhost:51337"
      },
      "networkConnectionEnabled": false,
      "pageLoadStrategy": "eager",
      "platformName": "windows",
      "proxy": {
      },
      "setWindowRect": true,
      "strictFileInteractability": false,
      "timeouts": {
         "implicit": 0,
         "pageLoad": 300000,
         "script": 30000
      },
      "unhandledPromptBehavior": "dismiss and notify",
      "webauthn:extension:credBlob": true,
      "webauthn:extension:largeBlob": true,
      "webauthn:extension:minPinLength": true,
      "webauthn:extension:prf": true,
      "webauthn:virtualAuthenticators": true
   },
   "sessionId": "c0472d952754da2ad5bbc21f0664363a"
}
[1713291510.708][INFO]: [bb5ee4d71521a4705841298b8ec69045] COMMAND MaximizeWindow {
}
[1713291510.708][INFO]: Waiting for pending navigations...
[1713291510.708][DEBUG]: DevTools WebSocket Command: Runtime.evaluate (id=10) (session_id=6CE70CC536BD2955872D49528CA04D7B) 349C14DD3F4F78017A7F857C05667C47 {
   "expression": "1"
}
[1713291510.709][DEBUG]: DevTools WebSocket Response: Runtime.evaluate (id=10) (session_id=5F279B3DD298454B480053C656E33588) 5B65A83395D1D01D64208D4FFFF576F1 {
   "result": {
      "description": "1",
      "type": "number",
      "value": 1
   }
}
[1713291510.709][DEBUG]: DevTools WebSocket Command: Runtime.evaluate (id=11) (session_id=5F279B3DD298454B480053C656E33588) 5B65A83395D1D01D64208D4FFFF576F1 {
   "expression": "document",
   "objectGroup": "e618caf1-e7a6-4c77-9897-de2aaf5492fe"
}
[1713291510.709][DEBUG]: DevTools WebSocket Response: Runtime.evaluate (id=11) (session_id=5F279B3DD298454B480053C656E33588) 5B65A83395D1D01D64208D4FFFF576F1 {
   "result": {
      "className": "HTMLDocument",
      "description": "#document",
      "objectId": "-8829918026295474777.1.1",
      "subtype": "node",
      "type": "object"
   }
}[1713291510.709][DEBUG]: DevTools WebSocket Command: DOM.describeNode (id=12) (session_id=6CE70CC536BD2955872D49528CA04D7B) 349C14DD3F4F78017A7F857C05667C47 {
   "objectId": "8209396270520799032.1.1"
}
[1713291510.710][DEBUG]: DevTools WebSocket Response: DOM.describeNode (id=12) (session_id=6CE70CC536BD2955872D49528CA04D7B) 349C14DD3F4F78017A7F857C05667C47 {
   "node": {
      "backendNodeId": 1,
      "baseURL": "data:,",
      "childNodeCount": 1,
      "compatibilityMode": "NoQuirksMode",
      "documentURL": "data:,",
      "localName": "",
      "nodeId": 0,
      "nodeName": "#document",
      "nodeType": 9,
      "nodeValue": "",
      "xmlVersion": ""
   }
}
[1713291510.710][DEBUG]: DevTools WebSocket Command: Runtime.releaseObjectGroup (id=13) (session_id=6CE70CC536BD2955872D49528CA04D7B) 349C14DD3F4F78017A7F857C05667C47 {
   "objectGroup": "b36fc041-dfd0-42d1-81d0-bb0460077822"
}
[1[1713291510.710][DEBUG]: DevTools WebSocket Command: Runtime.evaluate (id=14) (session_id=5F279B3DD298454B480053C656E33588) 5B65A83395D1D01D64208D4FFFF576F1 {
   "awaitPromise": false,
   "expression": "document.readyState",
   "returnByValue": true,
   "uniqueContextId": "1270991765054886844.-1914477527855652564"
}[1[1713291510.711][DEBUG]: DevTools WebSocket Response: Runtime.releaseObjectGroup (id=13) (session_id=5F279B3DD298454B480053C656E33588) 5B65A83395D1D01D64208D4FFFF576F1 {
}
[1713291510.711][DEBUG]: DevTools WebSocket Response: Runtime.evaluate (id=14) (session_id=5F279B3DD298454B480053C656E33588) 5B65A83395D1D01D64208D4FFFF576F1 {
   "result": {
      "type": "string",
      "value": "complete"
   }
}
[1713291510.711][INFO]: Done waiting for pending navigations. Status: ok
[1713291510.711][DEBUG]: DevTools WebSocket Command: Browser.getWindowForTarget (id=15) (session_id=) browser {
   "targetId": "5B65A83395D1D01D64208D4FFFF576F1"
}[1[1713291510.712][DEBUG]: DevTools WebSocket Response: Browser.getWindowForTarget (id=15) (session_id=) browser {
   "bounds": {
      "height": 798,
      "left": 9,
      "top": 9,
      "width": 1051,
      "windowState": "normal"
   },
   "windowId": 1648580156
[17[1713291510.712][DEBUG]: DevTools WebSocket Command: Browser.setWindowBounds (id=16) (session_id=) browser {
   "bounds": {
      "windowState": "maximized"
   },
   "windowId": 1648580156[1713291510.727][DEBUG]: DevTools WebSocket Response: Browser.setWindowBounds (id=16) (session_id=) browser {
}
[1713291510.831][DEBUG]: DevTools WebSocket Command: Browser.getWindowBounds (id=17) (session_id=) browser {
   "windowId": 178168014
}
[1713291510.831][DEBUG]: DevTools WebSocket Event: Page.frameResized (session_id=6CE70CC536BD2955872D49528CA04D7B) 349C14DD3F4F78017A7F857C05667C47 {
}
[1713291510.831][DEBUG]: DevTools WebSocket Event: Page.frameResized (session_id=6CE70CC536BD2955872D49528CA04D7B) 349C14DD3F4F78017A7F857C05667C47 {
}
[1713291510.831][DEBUG]: DevTools WebSocket Response: Browser.getWindowBounds (id=17) (session_id=) browser {
   "bounds": {
      "height": 832,
      "left": -8,
      "top": -8,
      "width": 1552,
      "windowState": "maximized"
   }
}
[1713291510.831][DEBUG]: DevTools WebSocket Command: Browser.getWindowForTarget (id=18) (session_id=) browser {
   "targetId": "349C14DD3F4F78017A7F857C05667C47"
}
[1713291510.832][DEBUG]: DevTools WebSocket Response: Browser.getWindowForTarget (id=18) (session_id=) browser {
   "bounds": {
      "height": 832,
      "left": -8,
      "top": -8,
      "width": 1552,
      "windowState": "maximized"
   },
   "windowId": 178168014
}
[1713291510.832][INFO]: Waiting for pending navigations...
[1713291510.832][DEBUG]: DevTools WebSocket Command: Runtime.evaluate (id=19) (session_id=6CE70CC536BD2955872D49528CA04D7B) 349C14DD3F4F78017A7F857C05667C47 {
   "expression": "1"
}
[1713291510.832][DEBUG]: DevTools WebSocket Response: Runtime.evaluate (id=19) (session_id=6CE70CC536BD2955872D49528CA04D7B) 349C14DD3F4F78017A7F857C05667C47 {
   "result": {
      "description": "1",
      "type": "number",
      "value": 1
   }
}
[1713291510.832][INFO]: Done waiting for pending navigations. Status: ok
[1713291510.834][INFO]: [bb5ee4d71521a4705841298b8ec69045] RESPONSE MaximizeWindow {
   "height": 832,
   "width": 1552,
   "x": -8,
   "y": -8
}
[17132[1713291515.215][DEBUG]: DevTools WebSocket Event: Inspector.detached (session_id=5F279B3DD298454B480053C656E33588) 5B65A83395D1D01D64208D4FFFF576F1 {
   "reason": "Render process gone."
}
[1713291515.217][DEBUG]: DevTools WebSocket Event: Target.detachedFromTarget (session_id=) browser {
   "sessionId": "5F279B3DD298454B480053C656E33588",
   "targetId": "5B65A83395D1D01D64208D4FFFF576F1"
}
 Response: Runtime.evaluate (id=20) (session_id=6CE70CC536BD2955872D49528CA04D7B) 349C14DD3F4F78017A7F857C05667C47 {
   "result": {
      "description": "1",
      "type": "number",
      "value": 1
   }
}
[1713291510.880][INFO]: Done waiting for pending navigations. Status: ok
[1713291510.880][DEBUG]: DevTools WebSocket Command: Page.navigate (id=21) (session_id=6CE70CC536BD2955872D49528CA04D7B) 349C14DD3F4F78017A7F857C05667C47 {
   "url": "https://www.google.com/"
}
[1713291510.886][DEBUG]: DevTools WebSocket Event: Page.frameStartedLoading (session_id=6CE70CC536BD2955872D49528CA04D7B) 349C14DD3F4F78017A7F857C05667C47 {
   "frameId": "349C14DD3F4F78017A7F857C05667C47"
}
[1713291511.511][DEBUG]: DevTools WebSocket Response: Page.navigate (id=21) (session_id=6CE70CC536BD2955872D49528CA04D7B) 349C14DD3F4F78017A7F857C05667C47 {
   "frameId": "349C14DD3F4F78017A7F857C05667C47",
   "loaderId": "A744DE1CAE72CDD5FD8FB258C7F54195"
}
[1713291511.511][INFO]: Waiting for pending navigations...
[1713291511.511][DEBUG]: DevTools WebSocket Command: Runtime.evaluate (id=22) (session_id=6CE70CC536BD2955872D49528CA04D7B) 349C14DD3F4F78017A7F857C05667C47 {
   "expression": "1"
}
[1713291511.513][DEBUG]: DevTools WebSocket Event: Runtime.executionContextsCleared (session_id=6CE70CC536BD2955872D49528CA04D7B) 349C14DD3F4F78017A7F857C05667C47 {
}
[1713291511.523][DEBUG]: DevTools WebSocket Event: Runtime.executionContextsCleared (session_id=6CE70CC536BD2955872D49528CA04D7B) 349C14DD3F4F78017A7F857C05667C47 {
}
[1713291511.523][DEBUG]: DevTools WebSocket Event: Page.frameNavigated (session_id=6CE70CC536BD2955872D49528CA04D7B) 349C14DD3F4F78017A7F857C05667C47 {
   "frame": {
      "adFrameStatus": {
         "adFrameType": "none"
      },
      "crossOriginIsolatedContextType": "NotIsolated",
      "domainAndRegistry": "google.com",
      "gatedAPIFeatures": [  ],
      "id": "349C14DD3F4F78017A7F857C05667C47",
      "loaderId": "A744DE1CAE72CDD5FD8FB258C7F54195",
      "mimeType": "text/html",
      "secureContextType": "Secure",
      "securityOrigin": "https://www.google.com",
      "url": "https://www.google.com/"
   },
   "type": "Navigation"
}
[1713291511.523][DEBUG]: DevTools WebSocket Event: Runtime.executionContextCreated (session_id=6CE70CC536BD2955872D49528CA04D7B) 349C14DD3F4F78017A7F857C05667C47 {
   "context": {
      "auxData": {
         "frameId": "349C14DD3F4F78017A7F857C05667C47",
         "isDefault": true,
         "type": "default"
      },
      "id": 1,
      "name": "",
      "origin": "https://www.google.com",
      "uniqueId": "-6621794728647860949.-8341068879507524755"
   }
}
[1713291511.524][DEBUG]: DevTools WebSocket Response: Runtime.evaluate (id=22) (session_id=6CE70CC536BD2955872D49528CA04D7B) 349C14DD3F4F78017A7F857C05667C47 {
   "result": {
      "description": "1",
      "type": "number",
      "value": 1
   }
}
[1713291511.721][DEBUG]: DevTools WebSocket Event: Page.frameResized (session_id=6CE70CC536BD2955872D49528CA04D7B) 349C14DD3F4F78017A7F857C05667C47 {
}
[1713291511.722][DEBUG]: DevTools WebSocket Command: Runtime.evaluate (id=23) (session_id=6CE70CC536BD2955872D49528CA04D7B) 349C14DD3F4F78017A7F857C05667C47 {
   "expression": "1"
}
[1713291511.722][DEBUG]: DevTools WebSocket Response: Runtime.evaluate (id=23) (session_id=6CE70CC536BD2955872D49528CA04D7B) 349C14DD3F4F78017A7F857C05667C47 {
   "result": {
      "description": "1",
      "type": "number",
      "value": 1
   }
}
[1713291511.821][DEBUG]: DevTools WebSocket Event: Page.frameResized (session_id=6CE70CC536BD2955872D49528CA04D7B) 349C14DD3F4F78017A7F857C05667C47 {
}
[1713291511.821][DEBUG]: DevTools WebSocket Command: Runtime.evaluate (id=24) (session_id=6CE70CC536BD2955872D49528CA04D7B) 349C14DD3F4F78017A7F857C05667C47 {
   "expression": "1"
}
[1713291511.823][DEBUG]: DevTools WebSocket Response: Runtime.evaluate (id=24) (session_id=6CE70CC536BD2955872D49528CA04D7B) 349C14DD3F4F78017A7F857C05667C47 {
   "result": {
      "description": "1",
      "type": "number",
      "value": 1
   }
}
[1713291512.018][DEBUG]: DevTools WebSocket Event: Log.entryAdded (session_id=6CE70CC536BD2955872D49528CA04D7B) 349C14DD3F4F78017A7F857C05667C47 {
   "entry": {
      "level": "error",
      "lineNumber": 427,
      "source": "violation",
      "stackTrace": {
         "callFrames": [ {
            "columnNumber": 246,
            "functionName": "qwa",
            "lineNumber": 427,
            "scriptId": "9",
            "url": "https://www.google.com/xjs/_/js/k=xjs.hd.en.DstIhYEqY00.O/am=AAAAAAAAAAAAAAAAAAAAAAAAAAAAAAAAAgAAAAAkgAIAAAoAACAAAAAAgMAQACAAIASLAEgEBCAIABiAQBCAh_IBgIAJAAgACAAIAQgCAIAEAABAAQAAAAAAAAAAgAECBAAAAAAA..."
         }, {
            "columnNumber": 769,
            "functionName": "_.$d",
            "lineNumber": 426,
            "scriptId": "9",
            "url": "https://www.google.com/xjs/_/js/k=xjs.hd.en.DstIhYEqY00.O/am=AAAAAAAAAAAAAAAAAAAAAAAAAAAAAAAAAgAAAAAkgAIAAAoAACAAAAAAgMAQACAAIASLAEgEBCAIABiAQBCAh_IBgIAJAAgACAAIAQgCAIAEAABAAQAAAAAAAAAAgAECBAAAAAAA..."
         }, {
            "columnNumber": 910,
            "functionName": "_.BAa",
            "lineNumber": 546,
            "scriptId": "9",
            "url": "https://www.google.com/xjs/_/js/k=xjs.hd.en.DstIhYEqY00.O/am=AAAAAAAAAAAAAAAAAAAAAAAAAAAAAAAAAgAAAAAkgAIAAAoAACAAAAAAgMAQACAAIASLAEgEBCAIABiAQBCAh_IBgIAJAAgACAAIAQgCAIAEAABAAQAAAAAAAAAAgAECBAAAAAAA..."
         }, {
            "columnNumber": 776,
            "functionName": "_.Gm.listen",
            "lineNumber": 546,
            "scriptId": "9",
            "url": "https://www.google.com/xjs/_/js/k=xjs.hd.en.DstIhYEqY00.O/am=AAAAAAAAAAAAAAAAAAAAAAAAAAAAAAAAAgAAAAAkgAIAAAoAACAAAAAAgMAQACAAIASLAEgEBCAIABiAQBCAh_IBgIAJAAgACAAIAQgCAIAEAABAAQAAAAAAAAAAgAECBAAAAAAA..."
         }, {
            "columnNumber": 735,
            "functionName": "AIa",
            "lineNumber": 819,
            "scriptId": "9",
            "url": "https://www.google.com/xjs/_/js/k=xjs.hd.en.DstIhYEqY00.O/am=AAAAAAAAAAAAAAAAAAAAAAAAAAAAAAAAAgAAAAAkgAIAAAoAACAAAAAAgMAQACAAIASLAEgEBCAIABiAQBCAh_IBgIAJAAgACAAIAQgCAIAEAABAAQAAAAAAAAAAgAECBAAAAAAA..."
         }, {
            "columnNumber": 134,
            "functionName": "cra",
            "lineNumber": 962,
            "scriptId": "9",
            "url": "https://www.google.com/xjs/_/js/k=xjs.hd.en.DstIhYEqY00.O/am=AAAAAAAAAAAAAAAAAAAAAAAAAAAAAAAAAgAAAAAkgAIAAAoAACAAAAAAgMAQACAAIASLAEgEBCAIABiAQBCAh_IBgIAJAAgACAAIAQgCAIAEAABAAQAAAAAAAAAAgAECBAAAAAAA..."
         }, {
            "columnNumber": 107,
            "functionName": "fra",
            "lineNumber": 272,
            "scriptId": "9",
            "url": "https://www.google.com/xjs/_/js/k=xjs.hd.en.DstIhYEqY00.O/am=AAAAAAAAAAAAAAAAAAAAAAAAAAAAAAAAAgAAAAAkgAIAAAoAACAAAAAAgMAQACAAIASLAEgEBCAIABiAQBCAh_IBgIAJAAgACAAIAQgCAIAEAABAAQAAAAAAAAAAgAECBAAAAAAA..."
         }, {
            "columnNumber": 339,
            "functionName": "LQa",
            "lineNumber": 963,
            "scriptId": "9",
            "url": "https://www.google.com/xjs/_/js/k=xjs.hd.en.DstIhYEqY00.O/am=AAAAAAAAAAAAAAAAAAAAAAAAAAAAAAAAAgAAAAAkgAIAAAoAACAAAAAAgMAQACAAIASLAEgEBCAIABiAQBCAh_IBgIAJAAgACAAIAQgCAIAEAABAAQAAAAAAAAAAgAECBAAAAAAA..."
         }, {
            "columnNumber": 485,
            "functionName": "Gra.initialize",
            "lineNumber": 962,
            "scriptId": "9",
            "url": "https://www.google.com/xjs/_/js/k=xjs.hd.en.DstIhYEqY00.O/am=AAAAAAAAAAAAAAAAAAAAAAAAAAAAAAAAAgAAAAAkgAIAAAoAACAAAAAAgMAQACAAIASLAEgEBCAIABiAQBCAh_IBgIAJAAgACAAIAQgCAIAEAABAAQAAAAAAAAAAgAECBAAAAAAA..."
         }, {
            "columnNumber": 1147,
            "functionName": "Fn.onLoad",
            "lineNumber": 684,
            "scriptId": "9",
            "url": "https://www.google.com/xjs/_/js/k=xjs.hd.en.DstIhYEqY00.O/am=AAAAAAAAAAAAAAAAAAAAAAAAAAAAAAAAAgAAAAAkgAIAAAoAACAAAAAAgMAQACAAIASLAEgEBCAIABiAQBCAh_IBgIAJAAgACAAIAQgCAIAEAABAAQAAAAAAAAAAgAECBAAAAAAA..."
         }, {
            "columnNumber": 44,
            "functionName": "bFa",
            "lineNumber": 693,
            "scriptId": "9",
            "url": "https://www.google.com/xjs/_/js/k=xjs.hd.en.DstIhYEqY00.O/am=AAAAAAAAAAAAAAAAAAAAAAAAAAAAAAAAAgAAAAAkgAIAAAoAACAAAAAAgMAQACAAIASLAEgEBCAIABiAQBCAh_IBgIAJAAgACAAIAQgCAIAEAABAAQAAAAAAAAAAgAECBAAAAAAA..."
         }, {
            "columnNumber": 482,
            "functionName": "_.m.A7a",
            "lineNumber": 686,
            "scriptId": "9",
            "url": "https://www.google.com/xjs/_/js/k=xjs.hd.en.DstIhYEqY00.O/am=AAAAAAAAAAAAAAAAAAAAAAAAAAAAAAAAAgAAAAAkgAIAAAoAACAAAAAAgMAQACAAIASLAEgEBCAIABiAQBCAh_IBgIAJAAgACAAIAQgCAIAEAABAAQAAAAAAAAAAgAECBAAAAAAA..."
         }, {
            "columnNumber": 93,
            "functionName": "_._ModuleManager_initialize",
            "lineNumber": 1069,
            "scriptId": "9",
            "url": "https://www.google.com/xjs/_/js/k=xjs.hd.en.DstIhYEqY00.O/am=AAAAAAAAAAAAAAAAAAAAAAAAAAAAAAAAAgAAAAAkgAIAAAoAACAAAAAAgMAQACAAIASLAEgEBCAIABiAQBCAh_IBgIAJAAgACAAIAQgCAIAEAABAAQAAAAAAAAAAgAECBAAAAAAA..."
         }, {
            "columnNumber": 2,
            "functionName": "",
            "lineNumber": 1070,
            "scriptId": "9",
            "url": "https://www.google.com/xjs/_/js/k=xjs.hd.en.DstIhYEqY00.O/am=AAAAAAAAAAAAAAAAAAAAAAAAAAAAAAAAAgAAAAAkgAIAAAoAACAAAAAAgMAQACAAIASLAEgEBCAIABiAQBCAh_IBgIAJAAgACAAIAQgCAIAEAABAAQAAAAAAAAAAgAECBAAAAAAA..."
         }, {
            "columnNumber": 2,
            "functionName": "",
            "lineNumber": 2277,
            "scriptId": "9",
            "url": "https://www.google.com/xjs/_/js/k=xjs.hd.en.DstIhYEqY00.O/am=AAAAAAAAAAAAAAAAAAAAAAAAAAAAAAAAAgAAAAAkgAIAAAoAACAAAAAAgMAQACAAIASLAEgEBCAIABiAQBCAh_IBgIAJAAgACAAIAQgCAIAEAABAAQAAAAAAAAAAgAECBAAAAAAA..."
         } ]
      },
      "text": "Permissions policy violation: unload is not allowed in this document.",
      "timestamp": 1.713291512017569e+12,
      "url": "https://www.google.com/xjs/_/js/k=xjs.hd.en.DstIhYEqY00.O/am=AAAAAAAAAAAAAAAAAAAAAAAAAAAAAAAAAgAAAAAkgAIAAAoAACAAAAAAgMAQACAAIASLAEgEBCAIABiAQBCAh_IBgIAJAAgACAAIAQgCAIAEAABAAQAAAAAAAAAAgAECBAAAAAAA..."
   }
}
[1713291512.019][DEBUG]: DevTools WebSocket Command: Runtime.evaluate (id=25) (session_id=6CE70CC536BD2955872D49528CA04D7B) 349C14DD3F4F78017A7F857C05667C47 {
   "expression": "1"
}
[1713291512.068][DEBUG]: DevTools WebSocket Event: Page.navigatedWithinDocument (session_id=6CE70CC536BD2955872D49528CA04D7B) 349C14DD3F4F78017A7F857C05667C47 {
   "frameId": "349C14DD3F4F78017A7F857C05667C47",
   "url": "https://www.google.com/"
}
[1713291512.068][DEBUG]: DevTools WebSocket Event: Page.domContentEventFired (session_id=6CE70CC536BD2955872D49528CA04D7B) 349C14DD3F4F78017A7F857C05667C47 {
   "timestamp": 4848.97483
}
[1713291512.068][DEBUG]: DevTools WebSocket Command: Runtime.evaluate (id=26) (session_id=6CE70CC536BD2955872D49528CA04D7B) 349C14DD3F4F78017A7F857C05667C47 {
   "awaitPromise": false,
   "expression": "document.readyState",
   "returnByValue": true,
   "uniqueContextId": "-6621794728647860949.-8341068879507524755"
}
[1713291512.073][DEBUG]: DevTools WebSocket Response: Runtime.evaluate (id=25) (session_id=6CE70CC536BD2955872D49528CA04D7B) 349C14DD3F4F78017A7F857C05667C47 {
   "result": {
      "description": "1",
      "type": "number",
      "value": 1
   }
}
[1713291512.087][DEBUG]: DevTools WebSocket Response: Runtime.evaluate (id=26) (session_id=6CE70CC536BD2955872D49528CA04D7B) 349C14DD3F4F78017A7F857C05667C47 {
   "result": {
      "type": "string",
      "value": "interactive"
   }
}
[1713291512.087][INFO]: Done waiting for pending navigations. Status: ok
[1713291512.087][INFO]: [bb5ee4d71521a4705841298b8ec69045] RESPONSE Navigate
[1713291512.087][INFO]: [bb5ee4d71521a4705841298b8ec69045] COMMAND Navigate {
   "url": "https://www.google.com/"
}
[1713291512.087][INFO]: Waiting for pending navigations...
[1713291512.087][DEBUG]: DevTools WebSocket Command: Runtime.evaluate (id=27) (session_id=6CE70CC536BD2955872D49528CA04D7B) 349C14DD3F4F78017A7F857C05667C47 {
   "expression": "1"
}
[1713291512.097][DEBUG]: DevTools WebSocket Response: Runtime.evaluate (id=27) (session_id=6CE70CC536BD2955872D49528CA04D7B) 349C14DD3F4F78017A7F857C05667C47 {
   "result": {
      "description": "1",
      "type": "number",
      "value": 1
   }
}
[1713291512.097][INFO]: Done waiting for pending navigations. Status: ok
[1713291512.097][DEBUG]: DevTools WebSocket Command: Page.navigate (id=28) (session_id=6CE70CC536BD2955872D49528CA04D7B) 349C14DD3F4F78017A7F857C05667C47 {
   "url": "https://www.google.com/"
}
[1713291512.098][DEBUG]: DevTools WebSocket Event: Page.frameStartedLoading (session_id=6CE70CC536BD2955872D49528CA04D7B) 349C14DD3F4F78017A7F857C05667C47 {
   "frameId": "349C14DD3F4F78017A7F857C05667C47"
}
[1713291512.351][DEBUG]: DevTools WebSocket Response: Page.navigate (id=28) (session_id=6CE70CC536BD2955872D49528CA04D7B) 349C14DD3F4F78017A7F857C05667C47 {
   "frameId": "349C14DD3F4F78017A7F857C05667C47",
   "loaderId": "6BEABEBFA55324061BDE3BE6E3C472E3"
}
[1713291512.351][INFO]: Waiting for pending navigations...
[1713291512.351][DEBUG]: DevTools WebSocket Command: Runtime.evaluate (id=29) (session_id=6CE70CC536BD2955872D49528CA04D7B) 349C14DD3F4F78017A7F857C05667C47 {
   "expression": "1"
}
[1713291512.371][DEBUG]: DevTools WebSocket Event: Runtime.executionContextsCleared (session_id=6CE70CC536BD2955872D49528CA04D7B) 349C14DD3F4F78017A7F857C05667C47 {
}
[1713291512.371][DEBUG]: DevTools WebSocket Event: Page.frameNavigated (session_id=6CE70CC536BD2955872D49528CA04D7B) 349C14DD3F4F78017A7F857C05667C47 {
   "frame": {
      "adFrameStatus": {
         "adFrameType": "none"
      },
      "crossOriginIsolatedContextType": "NotIsolated",
      "domainAndRegistry": "google.com",
      "gatedAPIFeatures": [  ],
      "id": "349C14DD3F4F78017A7F857C05667C47",
      "loaderId": "6BEABEBFA55324061BDE3BE6E3C472E3",
      "mimeType": "text/html",
      "secureContextType": "Secure",
      "securityOrigin": "https://www.google.com",
      "url": "https://www.google.com/"
   },
   "type": "Navigation"
}
[1713291512.371][DEBUG]: DevTools WebSocket Event: Runtime.executionContextCreated (session_id=6CE70CC536BD2955872D49528CA04D7B) 349C14DD3F4F78017A7F857C05667C47 {
   "context": {
      "auxData": {
         "frameId": "349C14DD3F4F78017A7F857C05667C47",
         "isDefault": true,
         "type": "default"
      },
      "id": 2,
      "name": "",
      "origin": "https://www.google.com",
      "uniqueId": "-8595841975790025686.-8709137743776506070"
   }
}
[1713291512.374][DEBUG]: DevTools WebSocket Response: Runtime.evaluate (id=29) (session_id=6CE70CC536BD2955872D49528CA04D7B) 349C14DD3F4F78017A7F857C05667C47 {
   "result": {
      "description": "1",
      "type": "number",
      "value": 1
   }
}
[1713291512.581][DEBUG]: DevTools WebSocket Event: Log.entryAdded (session_id=6CE70CC536BD2955872D49528CA04D7B) 349C14DD3F4F78017A7F857C05667C47 {
   "entry": {
      "level": "error",
      "lineNumber": 427,
      "source": "violation",
      "stackTrace": {
         "callFrames": [ {
            "columnNumber": 246,
            "functionName": "qwa",
            "lineNumber": 427,
            "scriptId": "27",
            "url": "https://www.google.com/xjs/_/js/k=xjs.hd.en.DstIhYEqY00.O/am=AAAAAAAAAAAAAAAAAAAAAAAAAAAAAAAAAgAAAAAkgAIAAAoAACAAAAAAgMAQACAAIASLAEgEBCAIABiAQBCAh_IBgIAJAAgACAAIAQgCAIAEAABAAQAAAAAAAAAAgAECBAAAAAAA..."
         }, {
            "columnNumber": 769,
            "functionName": "_.$d",
            "lineNumber": 426,
            "scriptId": "27",
            "url": "https://www.google.com/xjs/_/js/k=xjs.hd.en.DstIhYEqY00.O/am=AAAAAAAAAAAAAAAAAAAAAAAAAAAAAAAAAgAAAAAkgAIAAAoAACAAAAAAgMAQACAAIASLAEgEBCAIABiAQBCAh_IBgIAJAAgACAAIAQgCAIAEAABAAQAAAAAAAAAAgAECBAAAAAAA..."
         }, {
            "columnNumber": 910,
            "functionName": "_.BAa",
            "lineNumber": 546,
            "scriptId": "27",
            "url": "https://www.google.com/xjs/_/js/k=xjs.hd.en.DstIhYEqY00.O/am=AAAAAAAAAAAAAAAAAAAAAAAAAAAAAAAAAgAAAAAkgAIAAAoAACAAAAAAgMAQACAAIASLAEgEBCAIABiAQBCAh_IBgIAJAAgACAAIAQgCAIAEAABAAQAAAAAAAAAAgAECBAAAAAAA..."
         }, {
            "columnNumber": 776,
            "functionName": "_.Gm.listen",
            "lineNumber": 546,
            "scriptId": "27",
            "url": "https://www.google.com/xjs/_/js/k=xjs.hd.en.DstIhYEqY00.O/am=AAAAAAAAAAAAAAAAAAAAAAAAAAAAAAAAAgAAAAAkgAIAAAoAACAAAAAAgMAQACAAIASLAEgEBCAIABiAQBCAh_IBgIAJAAgACAAIAQgCAIAEAABAAQAAAAAAAAAAgAECBAAAAAAA..."
         }, {
            "columnNumber": 735,
            "functionName": "AIa",
            "lineNumber": 819,
            "scriptId": "27",
            "url": "https://www.google.com/xjs/_/js/k=xjs.hd.en.DstIhYEqY00.O/am=AAAAAAAAAAAAAAAAAAAAAAAAAAAAAAAAAgAAAAAkgAIAAAoAACAAAAAAgMAQACAAIASLAEgEBCAIABiAQBCAh_IBgIAJAAgACAAIAQgCAIAEAABAAQAAAAAAAAAAgAECBAAAAAAA..."
         }, {
            "columnNumber": 134,
            "functionName": "cra",
            "lineNumber": 962,
            "scriptId": "27",
            "url": "https://www.google.com/xjs/_/js/k=xjs.hd.en.DstIhYEqY00.O/am=AAAAAAAAAAAAAAAAAAAAAAAAAAAAAAAAAgAAAAAkgAIAAAoAACAAAAAAgMAQACAAIASLAEgEBCAIABiAQBCAh_IBgIAJAAgACAAIAQgCAIAEAABAAQAAAAAAAAAAgAECBAAAAAAA..."
         }, {
            "columnNumber": 107,
            "functionName": "fra",
            "lineNumber": 272,
            "scriptId": "27",
            "url": "https://www.google.com/xjs/_/js/k=xjs.hd.en.DstIhYEqY00.O/am=AAAAAAAAAAAAAAAAAAAAAAAAAAAAAAAAAgAAAAAkgAIAAAoAACAAAAAAgMAQACAAIASLAEgEBCAIABiAQBCAh_IBgIAJAAgACAAIAQgCAIAEAABAAQAAAAAAAAAAgAECBAAAAAAA..."
         }, {
            "columnNumber": 339,
            "functionName": "LQa",
            "lineNumber": 963,
            "scriptId": "27",
            "url": "https://www.google.com/xjs/_/js/k=xjs.hd.en.DstIhYEqY00.O/am=AAAAAAAAAAAAAAAAAAAAAAAAAAAAAAAAAgAAAAAkgAIAAAoAACAAAAAAgMAQACAAIASLAEgEBCAIABiAQBCAh_IBgIAJAAgACAAIAQgCAIAEAABAAQAAAAAAAAAAgAECBAAAAAAA..."
         }, {
            "columnNumber": 485,
            "functionName": "Gra.initialize",
            "lineNumber": 962,
            "scriptId": "27",
            "url": "https://www.google.com/xjs/_/js/k=xjs.hd.en.DstIhYEqY00.O/am=AAAAAAAAAAAAAAAAAAAAAAAAAAAAAAAAAgAAAAAkgAIAAAoAACAAAAAAgMAQACAAIASLAEgEBCAIABiAQBCAh_IBgIAJAAgACAAIAQgCAIAEAABAAQAAAAAAAAAAgAECBAAAAAAA..."
         }, {
            "columnNumber": 1147,
            "functionName": "Fn.onLoad",
            "lineNumber": 684,
            "scriptId": "27",
            "url": "https://www.google.com/xjs/_/js/k=xjs.hd.en.DstIhYEqY00.O/am=AAAAAAAAAAAAAAAAAAAAAAAAAAAAAAAAAgAAAAAkgAIAAAoAACAAAAAAgMAQACAAIASLAEgEBCAIABiAQBCAh_IBgIAJAAgACAAIAQgCAIAEAABAAQAAAAAAAAAAgAECBAAAAAAA..."
         }, {
            "columnNumber": 44,
            "functionName": "bFa",
            "lineNumber": 693,
            "scriptId": "27",
            "url": "https://www.google.com/xjs/_/js/k=xjs.hd.en.DstIhYEqY00.O/am=AAAAAAAAAAAAAAAAAAAAAAAAAAAAAAAAAgAAAAAkgAIAAAoAACAAAAAAgMAQACAAIASLAEgEBCAIABiAQBCAh_IBgIAJAAgACAAIAQgCAIAEAABAAQAAAAAAAAAAgAECBAAAAAAA..."
         }, {
            "columnNumber": 482,
            "functionName": "_.m.A7a",
            "lineNumber": 686,
            "scriptId": "27",
            "url": "https://www.google.com/xjs/_/js/k=xjs.hd.en.DstIhYEqY00.O/am=AAAAAAAAAAAAAAAAAAAAAAAAAAAAAAAAAgAAAAAkgAIAAAoAACAAAAAAgMAQACAAIASLAEgEBCAIABiAQBCAh_IBgIAJAAgACAAIAQgCAIAEAABAAQAAAAAAAAAAgAECBAAAAAAA..."
         }, {
            "columnNumber": 93,
            "functionName": "_._ModuleManager_initialize",
            "lineNumber": 1069,
            "scriptId": "27",
            "url": "https://www.google.com/xjs/_/js/k=xjs.hd.en.DstIhYEqY00.O/am=AAAAAAAAAAAAAAAAAAAAAAAAAAAAAAAAAgAAAAAkgAIAAAoAACAAAAAAgMAQACAAIASLAEgEBCAIABiAQBCAh_IBgIAJAAgACAAIAQgCAIAEAABAAQAAAAAAAAAAgAECBAAAAAAA..."
         }, {
            "columnNumber": 2,
            "functionName": "",
            "lineNumber": 1070,
            "scriptId": "27",
            "url": "https://www.google.com/xjs/_/js/k=xjs.hd.en.DstIhYEqY00.O/am=AAAAAAAAAAAAAAAAAAAAAAAAAAAAAAAAAgAAAAAkgAIAAAoAACAAAAAAgMAQACAAIASLAEgEBCAIABiAQBCAh_IBgIAJAAgACAAIAQgCAIAEAABAAQAAAAAAAAAAgAECBAAAAAAA..."
         }, {
            "columnNumber": 2,
            "functionName": "",
            "lineNumber": 2277,
            "scriptId": "27",
            "url": "https://www.google.com/xjs/_/js/k=xjs.hd.en.DstIhYEqY00.O/am=AAAAAAAAAAAAAAAAAAAAAAAAAAAAAAAAAgAAAAAkgAIAAAoAACAAAAAAgMAQACAAIASLAEgEBCAIABiAQBCAh_IBgIAJAAgACAAIAQgCAIAEAABAAQAAAAAAAAAAgAECBAAAAAAA..."
         } ]
      },
      "text": "Permissions policy violation: unload is not allowed in this document.",
      "timestamp": 1.713291512579017e+12,
      "url": "https://www.google.com/xjs/_/js/k=xjs.hd.en.DstIhYEqY00.O/am=AAAAAAAAAAAAAAAAAAAAAAAAAAAAAAAAAgAAAAAkgAIAAAoAACAAAAAAgMAQACAAIASLAEgEBCAIABiAQBCAh_IBgIAJAAgACAAIAQgCAIAEAABAAQAAAAAAAAAAgAECBAAAAAAA..."
   }
}
[1713291512.581][DEBUG]: DevTools WebSocket Command: Runtime.evaluate (id=30) (session_id=6CE70CC536BD2955872D49528CA04D7B) 349C14DD3F4F78017A7F857C05667C47 {
   "expression": "1"
}
[1713291512.627][DEBUG]: DevTools WebSocket Event: Page.domContentEventFired (session_id=6CE70CC536BD2955872D49528CA04D7B) 349C14DD3F4F78017A7F857C05667C47 {
   "timestamp": 4849.534236
}
[1713291512.627][DEBUG]: DevTools WebSocket Command: Runtime.evaluate (id=31) (session_id=6CE70CC536BD2955872D49528CA04D7B) 349C14DD3F4F78017A7F857C05667C47 {
   "awaitPromise": false,
   "expression": "document.readyState",
   "returnByValue": true,
   "uniqueContextId": "-8595841975790025686.-8709137743776506070"
}
[1713291512.647][DEBUG]: DevTools WebSocket Response: Runtime.evaluate (id=30) (session_id=6CE70CC536BD2955872D49528CA04D7B) 349C14DD3F4F78017A7F857C05667C47 {
   "result": {
      "description": "1",
      "type": "number",
      "value": 1
   }
}
[1713291512.655][DEBUG]: DevTools WebSocket Response: Runtime.evaluate (id=31) (session_id=6CE70CC536BD2955872D49528CA04D7B) 349C14DD3F4F78017A7F857C05667C47 {
   "result": {
      "type": "string",
      "value": "interactive"
   }
}
[1713291512.655][INFO]: Done waiting for pending navigations. Status: ok
[1713291512.655][INFO]: [bb5ee4d71521a4705841298b8ec69045] RESPONSE Navigate
[1713291512.997][DEBUG]: DevTools WebSocket Event: Page.loadEventFired (session_id=6CE70CC536BD2955872D49528CA04D7B) 349C14DD3F4F78017A7F857C05667C47 {
   "timestamp": 4849.90309
}
[1713291512.997][DEBUG]: DevTools WebSocket Command: Runtime.evaluate (id=32) (session_id=6CE70CC536BD2955872D49528CA04D7B) 349C14DD3F4F78017A7F857C05667C47 {
   "awaitPromise": false,
   "expression": "document.readyState",
   "returnByValue": true,
   "uniqueContextId": "-8595841975790025686.-8709137743776506070"
}
[1713291512.998][DEBUG]: DevTools WebSocket Event: Page.frameStoppedLoading (session_id=6CE70CC536BD2955872D49528CA04D7B) 349C14DD3F4F78017A7F857C05667C47 {
   "frameId": "349C14DD3F4F78017A7F857C05667C47"
}
[1713291512.999][DEBUG]: DevTools WebSocket Response: Runtime.evaluate (id=32) (session_id=6CE70CC536BD2955872D49528CA04D7B) 349C14DD3F4F78017A7F857C05667C47 {
   "result": {
      "type": "string",
      "value": "complete"
   }
}
[1713291514.111][INFO]: [bb5ee4d71521a4705841298b8ec69045] COMMAND FindElement {
   "using": "xpath",
   "value": "//input[@title = 'Buscar']"
}
[1713291514.111][INFO]: Waiting for pending navigations...
[1713291514.111][DEBUG]: DevTools WebSocket Command: Runtime.evaluate (id=33) (session_id=6CE70CC536BD2955872D49528CA04D7B) 349C14DD3F4F78017A7F857C05667C47 {
   "expression": "1"
}
[1713291514.112][DEBUG]: DevTools WebSocket Response: Runtime.evaluate (id=33) (session_id=6CE70CC536BD2955872D49528CA04D7B) 349C14DD3F4F78017A7F857C05667C47 {
   "result": {
      "description": "1",
      "type": "number",
      "value": 1
   }
}
[1713291514.112][INFO]: Done waiting for pending navigations. Status: ok
[1713291514.112][DEBUG]: DevTools WebSocket Command: Page.getFrameTree (id=34) (session_id=6CE70CC536BD2955872D49528CA04D7B) 349C14DD3F4F78017A7F857C05667C47 {
}
[1713291514.113][DEBUG]: DevTools WebSocket Response: Page.getFrameTree (id=34) (session_id=6CE70CC536BD2955872D49528CA04D7B) 349C14DD3F4F78017A7F857C05667C47 {
   "frameTree": {
      "frame": {
         "adFrameStatus": {
            "adFrameType": "none"
         },
         "crossOriginIsolatedContextType": "NotIsolated",
         "domainAndRegistry": "google.com",
         "gatedAPIFeatures": [  ],
         "id": "349C14DD3F4F78017A7F857C05667C47",
         "loaderId": "6BEABEBFA55324061BDE3BE6E3C472E3",
         "mimeType": "text/html",
         "secureContextType": "Secure",
         "securityOrigin": "https://www.google.com",
         "url": "https://www.google.com/"
      }
   }
}
[1713291514.113][DEBUG]: DevTools WebSocket Command: Page.getFrameTree (id=35) (session_id=6CE70CC536BD2955872D49528CA04D7B) 349C14DD3F4F78017A7F857C05667C47 {
}
[1713291514.114][DEBUG]: DevTools WebSocket Response: Page.getFrameTree (id=35) (session_id=6CE70CC536BD2955872D49528CA04D7B) 349C14DD3F4F78017A7F857C05667C47 {
   "frameTree": {
      "frame": {
         "adFrameStatus": {
            "adFrameType": "none"
         },
         "crossOriginIsolatedContextType": "NotIsolated",
         "domainAndRegistry": "google.com",
         "gatedAPIFeatures": [  ],
         "id": "349C14DD3F4F78017A7F857C05667C47",
         "loaderId": "6BEABEBFA55324061BDE3BE6E3C472E3",
         "mimeType": "text/html",
         "secureContextType": "Secure",
         "securityOrigin": "https://www.google.com",
         "url": "https://www.google.com/"
      }
   }
}
[1713291514.115][DEBUG]: DevTools WebSocket Command: Runtime.callFunctionOn (id=36) (session_id=6CE70CC536BD2955872D49528CA04D7B) 349C14DD3F4F78017A7F857C05667C47 {
   "arguments": [  ],
   "awaitPromise": true,
   "functionDeclaration": "function(){ return (function() { // Copyright 2012 The Chromium Authors\n// Use of this source code is governed by a BSD-style license that can be\n// found in the LICENSE file.\n\n/**\n * Enum for WebD...",
   "serializationOptions": {
      "serialization": "deep"
   },
   "uniqueContextId": "-8595841975790025686.-8709137743776506070"
}
[1713291514.120][DEBUG]: DevTools WebSocket Response: Runtime.callFunctionOn (id=36) (session_id=6CE70CC536BD2955872D49528CA04D7B) 349C14DD3F4F78017A7F857C05667C47 {
   "result": {
      "className": "Array",
      "deepSerializedValue": {
         "type": "array",
         "value": [ {
            "type": "string",
            "value": "{\"status\":0,\"value\":null}"
         } ]
      },
      "description": "Array(1)",
      "objectId": "-5340646737407076158.2.1",
      "subtype": "array",
      "type": "object"
   }
}
[1713291514.120][DEBUG]: DevTools WebSocket Command: Runtime.evaluate (id=37) (session_id=6CE70CC536BD2955872D49528CA04D7B) 349C14DD3F4F78017A7F857C05667C47 {
   "expression": "1"
}
[1713291514.121][DEBUG]: DevTools WebSocket Response: Runtime.evaluate (id=37) (session_id=6CE70CC536BD2955872D49528CA04D7B) 349C14DD3F4F78017A7F857C05667C47 {
   "result": {
      "description": "1",
      "type": "number",
      "value": 1
   }
}
[1713291514.121][INFO]: Waiting for pending navigations...
[1713291514.121][DEBUG]: DevTools WebSocket Command: Runtime.evaluate (id=38) (session_id=6CE70CC536BD2955872D49528CA04D7B) 349C14DD3F4F78017A7F857C05667C47 {
   "expression": "1"
}
[1713291514.121][DEBUG]: DevTools WebSocket Response: Runtime.evaluate (id=38) (session_id=6CE70CC536BD2955872D49528CA04D7B) 349C14DD3F4F78017A7F857C05667C47 {
   "result": {
      "description": "1",
      "type": "number",
      "value": 1
   }
}
[1713291514.122][INFO]: Done waiting for pending navigations. Status: ok
[1713291514.122][INFO]: [bb5ee4d71521a4705841298b8ec69045] RESPONSE FindElement ERROR no such element: Unable to locate element: {"method":"xpath","selector":"//input[@title = 'Buscar']"}
  (Session info: chrome=123.0.6312.123)
[1713291514.640][INFO]: [bb5ee4d71521a4705841298b8ec69045] COMMAND FindElement {
   "using": "xpath",
   "value": "//input[@title = 'Buscar']"
}
[1713291514.640][INFO]: Waiting for pending navigations...
[1713291514.640][DEBUG]: DevTools WebSocket Command: Runtime.evaluate (id=39) (session_id=6CE70CC536BD2955872D49528CA04D7B) 349C14DD3F4F78017A7F857C05667C47 {
   "expression": "1"
}
[1713291514.641][DEBUG]: DevTools WebSocket Response: Runtime.evaluate (id=39) (session_id=6CE70CC536BD2955872D49528CA04D7B) 349C14DD3F4F78017A7F857C05667C47 {
   "result": {
      "description": "1",
      "type": "number",
      "value": 1
   }
}
[1713291514.641][INFO]: Done waiting for pending navigations. Status: ok
[1713291514.641][DEBUG]: DevTools WebSocket Command: Page.getFrameTree (id=40) (session_id=6CE70CC536BD2955872D49528CA04D7B) 349C14DD3F4F78017A7F857C05667C47 {
}
[1713291514.641][DEBUG]: DevTools WebSocket Response: Page.getFrameTree (id=40) (session_id=6CE70CC536BD2955872D49528CA04D7B) 349C14DD3F4F78017A7F857C05667C47 {
   "frameTree": {
      "frame": {
         "adFrameStatus": {
            "adFrameType": "none"
         },
         "crossOriginIsolatedContextType": "NotIsolated",
         "domainAndRegistry": "google.com",
         "gatedAPIFeatures": [  ],
         "id": "349C14DD3F4F78017A7F857C05667C47",
         "loaderId": "6BEABEBFA55324061BDE3BE6E3C472E3",
         "mimeType": "text/html",
         "secureContextType": "Secure",
         "securityOrigin": "https://www.google.com",
         "url": "https://www.google.com/"
      }
   }
}
[1713291514.641][DEBUG]: DevTools WebSocket Command: Page.getFrameTree (id=41) (session_id=6CE70CC536BD2955872D49528CA04D7B) 349C14DD3F4F78017A7F857C05667C47 {
}
[1713291514.642][DEBUG]: DevTools WebSocket Response: Page.getFrameTree (id=41) (session_id=6CE70CC536BD2955872D49528CA04D7B) 349C14DD3F4F78017A7F857C05667C47 {
   "frameTree": {
      "frame": {
         "adFrameStatus": {
            "adFrameType": "none"
         },
         "crossOriginIsolatedContextType": "NotIsolated",
         "domainAndRegistry": "google.com",
         "gatedAPIFeatures": [  ],
         "id": "349C14DD3F4F78017A7F857C05667C47",
         "loaderId": "6BEABEBFA55324061BDE3BE6E3C472E3",
         "mimeType": "text/html",
         "secureContextType": "Secure",
         "securityOrigin": "https://www.google.com",
         "url": "https://www.google.com/"
      }
   }
}
[1713291514.643][DEBUG]: DevTools WebSocket Command: Runtime.callFunctionOn (id=42) (session_id=6CE70CC536BD2955872D49528CA04D7B) 349C14DD3F4F78017A7F857C05667C47 {
   "arguments": [  ],
   "awaitPromise": true,
   "functionDeclaration": "function(){ return (function() { // Copyright 2012 The Chromium Authors\n// Use of this source code is governed by a BSD-style license that can be\n// found in the LICENSE file.\n\n/**\n * Enum for WebD...",
   "serializationOptions": {
      "serialization": "deep"
   },
   "uniqueContextId": "-8595841975790025686.-8709137743776506070"
}
[1713291514.646][DEBUG]: DevTools WebSocket Response: Runtime.callFunctionOn (id=42) (session_id=6CE70CC536BD2955872D49528CA04D7B) 349C14DD3F4F78017A7F857C05667C47 {
   "result": {
      "className": "Array",
      "deepSerializedValue": {
         "type": "array",
         "value": [ {
            "type": "string",
            "value": "{\"status\":0,\"value\":null}"
         } ]
      },
      "description": "Array(1)",
      "objectId": "-5340646737407076158.2.2",
      "subtype": "array",
      "type": "object"
   }
}
[1713291514.647][DEBUG]: DevTools WebSocket Command: Runtime.evaluate (id=43) (session_id=6CE70CC536BD2955872D49528CA04D7B) 349C14DD3F4F78017A7F857C05667C47 {
   "expression": "1"
}
[1713291514.648][DEBUG]: DevTools WebSocket Response: Runtime.evaluate (id=43) (session_id=6CE70CC536BD2955872D49528CA04D7B) 349C14DD3F4F78017A7F857C05667C47 {
   "result": {
      "description": "1",
      "type": "number",
      "value": 1
   }
}
[1713291514.648][INFO]: Waiting for pending navigations...
[1713291514.648][DEBUG]: DevTools WebSocket Command: Runtime.evaluate (id=44) (session_id=6CE70CC536BD2955872D49528CA04D7B) 349C14DD3F4F78017A7F857C05667C47 {
   "expression": "1"
}
[1713291514.656][DEBUG]: DevTools WebSocket Event: Target.detachedFromTarget (session_id=) browser {
   "sessionId": "6CE70CC536BD2955872D49528CA04D7B",
   "targetId": "349C14DD3F4F78017A7F857C05667C47"
}
[1713291514.656][INFO]: Done waiting for pending navigations. Status: target frame detached
[1713291514.656][INFO]: [bb5ee4d71521a4705841298b8ec69045] RESPONSE FindElement ERROR no such element: Unable to locate element: {"method":"xpath","selector":"//input[@title = 'Buscar']"}
  (Session info: chrome=123.0.6312.123)
[1713291514.675][INFO]: [bb5ee4d71521a4705841298b8ec69045] COMMAND FindElement {
   "using": "xpath",
   "value": "//input[@title = 'Buscar']"
}
[1713291514.675][INFO]: Waiting for pending navigations...
[1713291514.675][DEBUG]: DevTools WebSocket Command: Runtime.evaluate (id=45) (session_id=6CE70CC536BD2955872D49528CA04D7B) 349C14DD3F4F78017A7F857C05667C47 {
   "expression": "1"
}
[1713291514.675][INFO]: Done waiting for pending navigations. Status: target frame detached
[1713291514.675][DEBUG]: DevTools WebSocket Command: Target.getTargets (id=46) (session_id=) browser {
}
[1713291514.680][DEBUG]: DevTools WebSocket Response:  (id=45) (session_id=) browser {"code":-32001,"message":"Session with given id not found."}
[1713291514.681][DEBUG]: DevTools WebSocket Response: Target.getTargets (id=46) (session_id=) browser {
   "targetInfos": [  ]
}
[1713291514.681][INFO]: [bb5ee4d71521a4705841298b8ec69045] RESPONSE FindElement
[1713291515.170][INFO]: [bb5ee4d71521a4705841298b8ec69045] COMMAND FindElement {
   "using": "xpath",
   "value": "//input[@title = 'Buscar']"
}
[1713291515.170][INFO]: [bb5ee4d71521a4705841298b8ec69045] RESPONSE FindElement ERROR no such window: target window already closed
from unknown error: web view not found
  (Session info: chrome=123.0.6312.123)
[1713291515.201][INFO]: [bb5ee4d71521a4705841298b8ec69045] COMMAND FindElement {
   "using": "xpath",
   "value": "//input[@title = 'Buscar']"
}
[1713291515.201][INFO]: [bb5ee4d71521a4705841298b8ec69045] RESPONSE FindElement ERROR no such window: target window already closed
from unknown error: web view not found
  (Session info: chrome=123.0.6312.123)
[1713291515.686][INFO]: [bb5ee4d71521a4705841298b8ec69045] COMMAND FindElement {
   "using": "xpath",
   "value": "//input[@title = 'Buscar']"
}
[1713291515.686][INFO]: [bb5ee4d71521a4705841298b8ec69045] RESPONSE FindElement ERROR no such window: target window already closed
from unknown error: web view not found
  (Session info: chrome=123.0.6312.123)
[1713291515.718][INFO]: [bb5ee4d71521a4705841298b8ec69045] COMMAND FindElement {
   "using": "xpath",
   "value": "//input[@title = 'Buscar']"
}
[1713291515.718][INFO]: [bb5ee4d71521a4705841298b8ec69045] RESPONSE FindElement ERROR no such window: target window already closed
from unknown error: web view not found
  (Session info: chrome=123.0.6312.123)
[1713291516.202][INFO]: [bb5ee4d71521a4705841298b8ec69045] COMMAND FindElement {
   "using": "xpath",
   "value": "//input[@title = 'Buscar']"
}
[1713291516.202][INFO]: [bb5ee4d71521a4705841298b8ec69045] RESPONSE FindElement ERROR no such window: target window already closed
from unknown error: web view not found
  (Session info: chrome=123.0.6312.123)
[1713291516.233][INFO]: [bb5ee4d71521a4705841298b8ec69045] COMMAND FindElement {
   "using": "xpath",
   "value": "//input[@title = 'Buscar']"
}
[1713291516.233][INFO]: [bb5ee4d71521a4705841298b8ec69045] RESPONSE FindElement ERROR no such window: target window already closed
from unknown error: web view not found
  (Session info: chrome=123.0.6312.123)
[1713291516.716][INFO]: [bb5ee4d71521a4705841298b8ec69045] COMMAND FindElement {
   "using": "xpath",
   "value": "//input[@title = 'Buscar']"
}
[1713291516.716][INFO]: [bb5ee4d71521a4705841298b8ec69045] RESPONSE FindElement ERROR no such window: target window already closed
from unknown error: web view not found
  (Session info: chrome=123.0.6312.123)
